     1                                  ;Se citeste de la tastatura un nume de fisier, un caracter c si un numar n. Sa se determine daca numarul de aparitii ale caracterului c in textul
     2                                  ; fisierului este egal cu numarul n, afisandu-se in fisier out.txt un mesaj corespunzator (formatati textul ca si in exemplu)./
     3                                  bits 32 
     4                                  
     5                                  global start        
     6                                  extern exit, fopen, fread, fclose, printf, scanf,fprintf
     7                                  import exit msvcrt.dll  
     8                                  import fopen msvcrt.dll  
     9                                  import fread msvcrt.dll
    10                                  import fclose msvcrt.dll
    11                                  import printf msvcrt.dll
    12                                  import scanf msvcrt.dll
    13                                  import fprintf msvcrt.dll
    14                                  
    15                                  segment data use32 class=data
    16 00000000 00000000                    n dd 0
    17 00000004 00000000                    caracter dd 0
    18                                      
    19 00000008 256400                  	format_n  db "%d", 0  
    20 0000000B 257300                  	format_c db "%s", 0
    21                                      
    22 0000000E 00000000                    nume_fisier dd 0
    23 00000012 2573000000000000            format_fisier dd "%s", 0
    24                                      
    25 0000001A 7200000000000000            mod_acces dd "r", 0
    26 00000022 FFFFFFFF                    descriptor_fis dd -1
    27                                      
    28 00000026 00<rept>                    crt times 100 db 0
    29 0000008A 4441000000000000            da dd "DA", 0
    30 00000092 4E55000000000000            nu dd "NU", 0
    31                                      
    32 0000009A 622E74787400                fisier_afisare db "b.txt", 0
    33 000000A0 7700                        mod_acces_afisare db "w", 0  
    34 000000A2 FF                          descriptor_fis_afisare db -1
    35                                  
    36                                  segment code use32 class=code
    37                                      start:
    38                                      
    39                                          ;deschid b.txt
    40 00000000 68[A0000000]                    push dword mod_acces_afisare     
    41 00000005 68[9A000000]                    push dword fisier_afisare
    42 0000000A FF15[00000000]                  call [fopen]
    43 00000010 83C408                          add esp, 4*2  
    44                                          
    45 00000013 A3[A2000000]                    mov [descriptor_fis_afisare], eax   
    46                                          
    47 00000018 83F800                          cmp eax, 0
    48 0000001B 0F84D4000000                    je final
    49                                          
    50                                          ;citesc nume_fisier
    51                                          ;scanf (format, nume_fisier)
    52 00000021 68[0E000000]                    push dword nume_fisier    
    53 00000026 68[12000000]                    push dword format_fisier
    54 0000002B FF15[00000000]                  call [scanf]      
    55 00000031 83C408                          add esp, 4 * 2 
    56                                          
    57                                          ;citesc c
    58                                          ;scanf (format, c)
    59 00000034 68[04000000]                    push dword caracter   
    60 00000039 68[0B000000]                    push dword format_c
    61 0000003E FF15[00000000]                  call [scanf]      
    62 00000044 83C408                          add esp, 4 * 2 
    63                                          
    64                                          ;citesc n
    65                                          ;scanf (format, n)
    66 00000047 68[00000000]                    push dword n  
    67 0000004C 68[08000000]                    push dword format_n
    68 00000051 FF15[00000000]                  call [scanf]      
    69 00000057 83C408                          add esp, 4 * 2
    70                                          
    71                                          ; apelez fopen pentru a deschide fisierul
    72                                          ; fopen(nume_fisier, mod_acces)
    73 0000005A 68[1A000000]                    push dword mod_acces     
    74 0000005F 68[0E000000]                    push dword nume_fisier
    75 00000064 FF15[00000000]                  call [fopen]
    76 0000006A 83C408                          add esp, 4*2       
    77                                          
    78 0000006D A3[22000000]                    mov [descriptor_fis], EAX
    79                                          
    80 00000072 BB00000000                      mov ebx, 0 ;pt numarul de caractere c
    81                                          
    82                                          ; citesc textul caracter cu caracter
    83                                          repeta:
    84                                              ;fread(caracter, 1, 1, descriptor_fis)
    85 00000077 FF35[22000000]                      push dword [descriptor_fis]
    86 0000007D 6A01                                push dword 1
    87 0000007F 6A01                                push dword 1
    88 00000081 68[26000000]                        push dword crt        
    89 00000086 FF15[00000000]                      call [fread]
    90 0000008C 83C410                              add esp, 4*4                 
    91                                              
    92 0000008F 83F800                              cmp eax, 0
    93 00000092 7411                                je final_1
    94                                              
    95                                              ;verific daca crt == c
    96                                              
    97 00000094 8B0D[26000000]                      mov ecx, [crt]
    98 0000009A 390D[04000000]                      cmp [caracter], ecx
    99 000000A0 7501                                jne final_
   100                                              
   101 000000A2 43                                  inc ebx
   102                                              final_:
   103 000000A3 EBD2                            jmp repeta
   104                                          final_1:       
   105                                          
   106 000000A5 3B1D[00000000]                  cmp ebx, [n]
   107 000000AB 7516                            jne nu_
   108                                          
   109 000000AD 68[8A000000]                    push dword da
   110 000000B2 FF35[A2000000]                  push dword [descriptor_fis_afisare]
   111 000000B8 FF15[00000000]                  call [fprintf]
   112 000000BE 83C408                          add esp, 4*2
   113                                          
   114 000000C1 EB14                            jmp inchide_fisier
   115                                          
   116                                          nu_:
   117 000000C3 68[92000000]                    push dword nu
   118 000000C8 FF35[A2000000]                  push dword [descriptor_fis_afisare]
   119 000000CE FF15[00000000]                  call [fprintf]
   120 000000D4 83C408                          add esp, 4*2 
   121                                          
   122                                          inchide_fisier:
   123 000000D7 FF35[22000000]                  push dword [descriptor_fis]
   124 000000DD FF15[00000000]                  call [fclose]
   125 000000E3 83C404                          add esp, 4
   126                                          
   127 000000E6 FF35[A2000000]                  push dword [descriptor_fis_afisare]
   128 000000EC FF15[00000000]                  call [fclose]
   129 000000F2 83C404                          add esp, 4
   130                                          
   131                                          final:
   132 000000F5 6A00                            push    dword 0      
   133 000000F7 FF15[00000000]                  call    [exit]
