[2022-03-10 14:17:21] [info] Start Program:
Path:"C:\Users\Paula\Desktop\FACULTATE\Anul 1\SEMESTRUL 2\OOP\Teme\Lab_2_4\Lab_2_4_probl_3\x64\Debug\Lab_2_4_probl_3.exe"
Arguments:
Working directory: "C:\Users\Paula\Desktop\FACULTATE\Anul 1\SEMESTRUL 2\OOP\Teme\Lab_2_4\Lab_2_4_probl_3\Lab_2_4_probl_3\"
Modules: Selected: C:\Users\Paula\Desktop\FACULTATE\Anul 1\SEMESTRUL 2\OOP\Teme\Lab_2_4\Lab_2_4_probl_3\x64\Debug\Lab_2_4_probl_3.exe Excluded: 
Sources: Selected: C:\Users\Paula\Desktop\FACULTATE\Anul 1\SEMESTRUL 2\OOP\Teme\Lab_2_4\Lab_2_4_probl_3\Lab_2_4_probl_3 Excluded: 
Log Level: Normal
Cover Children: 0
Aggregate by file: 1
Continue after C++ exception: 0
Optimized build support: 0
Export: Binary C:\Users\Paula\AppData\Local\Temp\j5epogtm.5jk 
Input coverage: 
Unified diff: 
Excluded line regular expressions: 
Substitute pdb source paths: 

[2022-03-10 14:17:21] [info] Module: C:\Users\Paula\Desktop\FACULTATE\Anul 1\SEMESTRUL 2\OOP\Teme\Lab_2_4\Lab_2_4_probl_3\x64\Debug\Lab_2_4_probl_3.exe is selected because it matches selected pattern: C:\Users\Paula\Desktop\FACULTATE\Anul 1\SEMESTRUL 2\OOP\Teme\Lab_2_4\Lab_2_4_probl_3\x64\Debug\Lab_2_4_probl_3.exe
[2022-03-10 14:17:23] [info] ----------------------------------------------------
[2022-03-10 14:17:23] [info] Coverage binary generated in file: C:\Users\Paula\AppData\Local\Temp\j5epogtm.5jk
[2022-03-10 14:17:23] [info] ----------------------------------------------------
