     1                                  bits 32 
     2                                  global start        
     3                                  ;Se citeste de la tastatura numele unui fisier si un sir de caractere care contine litere mari si mici,spatii si cifre.
     4                                  ;Sa se scrie in fisierul cu numele citit de la tastatura sirul de caractere modificat astfel
     5                                  ;Toate cifrele se vor incrementa cu o unitate
     6                                  extern exit, fopen, scanf, fclose,fprintf,printf,gets            
     7                                  import exit msvcrt.dll    
     8                                  import fopen msvcrt.dll
     9                                  import scanf msvcrt.dll
    10                                  import fclose msvcrt.dll
    11                                  import fprintf msvcrt.dll
    12                                  import printf msvcrt.dll
    13                                  import gets msvcrt.dll
    14                                  
    15                                  segment data use32 class=data
    16 00000000 00<rept>                    nume_fisier times 32 db 0
    17 00000020 7700                        mod_acces db "w",0
    18 00000022 FFFFFFFF                    descriptor dd -1
    19 00000026 257300                      format db "%s",0
    20 00000029 00<rept>                    cuvant times 100 db 0
    21 0000008D 25732000                    format_af db "%s ",0
    22 00000091 00<rept>                    propozitie times 100 db 0
    23 000000F5 00000000                    cnt dd 0
    24                                      
    25                                      
    26                                  segment code use32 class=code
    27                                      start:
    28                                          ;citesc numele fisierului
    29 00000000 68[00000000]                    push dword nume_fisier
    30 00000005 68[26000000]                    push dword format
    31 0000000A FF15[00000000]                  call [scanf]
    32 00000010 83C408                          add esp,4*2
    33                                          
    34                                          ;deschid fisierul
    35 00000013 68[20000000]                    push dword mod_acces
    36 00000018 68[00000000]                    push dword nume_fisier
    37 0000001D FF15[00000000]                  call [fopen]
    38 00000023 83C408                          add esp,4*2
    39                                          
    40 00000026 A3[22000000]                    mov [descriptor],eax
    41                                          
    42 0000002B 83F800                          cmp eax,0
    43 0000002E 7460                            je final
    44                                          
    45                                          read:
    46 00000030 68[29000000]                        push dword cuvant
    47 00000035 68[26000000]                        push format
    48 0000003A FF15[00000000]                      call [scanf]
    49 00000040 83C408                              add esp,4*2
    50                                              
    51 00000043 B8[29000000]                        mov eax,dword cuvant
    52                                            
    53                                              
    54 00000048 BE[29000000]                        mov esi,dword cuvant
    55 0000004D FC                                  cld
    56                                              cauta_cifre:
    57 0000004E AC                                      lodsb
    58 0000004F 3C00                                    cmp al,0
    59 00000051 742C                                    je aici
    60 00000053 3C24                                    cmp al,"$"
    61 00000055 742A                                    je afara
    62 00000057 3C30                                    cmp al,"0"
    63 00000059 7206                                    jb aici_
    64 0000005B 3C39                                    cmp al,"9"
    65 0000005D 7702                                    ja aici_
    66                                                  
    67 0000005F FEC0                                    inc al
    68                                                  
    69                                                  
    70                                                  aici_:
    71                                                  ;stosb
    72 00000061 A2[29000000]                            mov [cuvant], AL
    73                                                 
    74 00000066 68[29000000]                            push dword cuvant
    75 0000006B 68[8D000000]                            push dword format_af
    76 00000070 FF35[22000000]                          push dword [descriptor]
    77 00000076 FF15[00000000]                          call [fprintf]
    78 0000007C 83C40C                                  add esp, 4*3
    79                                                  
    80                                           
    81                                              aici:
    82 0000007F EBAF                                jmp read
    83                                          afara:
    84                                          ;push dword propozitie
    85                                          ;push dword format_af
    86                                          ;push dword [descriptor]
    87                                          ;call [fprintf]
    88                                          ;add esp, 4*3    
    89                                          
    90                                          ;inchid fisierul
    91 00000081 FF35[22000000]                  push dword[descriptor]
    92 00000087 FF15[00000000]                  call [fclose]
    93 0000008D 83C404                          add esp,4
    94                                          final:
    95 00000090 6A00                            push    dword 0      
    96 00000092 FF15[00000000]                  call    [exit]
