1 1 1 1 1 1 1 1 1 1 1 1 1 1 1 1 1 1 1 1 1   S   1 1 1 1 1 1 1 1 1 1 1 1 1 1 1 1 1 
1               1                           D D D D     1     D D D     1       1 
1       1 1 1 1 1       1 1 1 1 1       1 1 1 1 1 D     1     D 1 D     1       1 
1                               1               1 D D D D D D D 1 D     1       1 
1       1 1 1 1 1 1 1 1 1 1 1 1 1 1 1 1 1       1 1 1 1 1 1 1 1 1 D     1       1 
1               1                               1               1 D     1       1 
1 1 1 1 1 1 1 1 1       1 1 1 1 1 1 1 1 1 1 1 1 1 1 1 1 1       1 D     1       1 
1               1       1               1                       1 D D D D D     1 
1       1       1       1       1       1       1 1 1 1 1       1 1 1 1 1 D     1 
1       1               1       1               1               1 D D D D D     1 
1       1 1 1 1 1 1 1 1 1       1 1 1 1 1 1 1 1 1       1 1 1 1 1 D D D 1 1 1 1 1 
1                               1                       1   D D 1 D D D 1       1 
1 1 1 1 1 1 1 1 1       1 1 1 1 1       1 1 1 1 1 1 1 1 1   D D 1 D D D 1       1 
1                       1               1     D D D D D D D D D D D D D 1       1 
1 1 1 1 1       1 1 1 1 1 1 1 1 1 1 1 1 1     D 1 1 1 1 1 1 1 1 1 1 1 1 1       1 
1       1                               1     D 1     D D D                     1 
1       1 1 1 1 1 1 1 1 1 1 1 1 1       1     D 1     D 1 D     1 1 1 1 1 1 1 1 1 
1       1                               1     D D D D D 1 D D D D D D D D D     1 
1       1       1 1 1 1 1 1 1 1 1 1 1 1 1 1 1 1 1 1 1 1 1 1 1 1 1 1 1 1 1 D     1 
1               1                                             D D D D D D D     1 
1 1 1 1 1 1 1 1 1 1 1 1 1 1 1 1 1 1 1 1 1 1 1 1 1 1 1 1 1   F D 1 1 1 1 1 1 1 1 1 
