     1                                  bits 32 ; assembling for the 32 bits architecture
     2                                  
     3                                  ; declare the EntryPoint (a label defining the very first instruction of the program)
     4                                  global start        
     5                                  
     6                                  ; declare external functions needed by our program
     7                                  extern exit               ; tell nasm that exit exists even if we won't be defining it
     8                                  import exit msvcrt.dll    ; exit is a function that ends the calling process. It is defined in msvcrt.dll
     9                                                            ; msvcrt.dll contains exit, printf and all the other important C-runtime specific functions
    10                                  
    11                                  ; our data is declared here (the variables needed by our program)
    12                                  segment data use32 class=data
    13                                      ; ...
    14                                  
    15                                  ; our code starts here
    16                                  segment code use32 class=code
    17                                      start:
    18                                          mov AL, [c];AL = c
    18          ******************       error: symbol `c' undefined
    19                                          add AL, [d];AL = c + d
    19          ******************       error: symbol `d' undefined
    20                                          add AL, [d];AL = c + d + d
    20          ******************       error: symbol `d' undefined
    21                                          mov AH, [a];AH = a
    21          ******************       error: symbol `a' undefined
    22                                          add AH, [a];AH = a + a 
    22          ******************       error: symbol `a' undefined
    23                                          add AH, [b];AH = a + a + b
    23          ******************       error: symbol `b' undefined
    24 00000000 28E0                            sub AL, AH;AL = (c+d+d) - (a+a+b)
    25 00000002 6A00                            push    dword 0      ; push the parameter for exit onto the stack
    26 00000004 FF15[00000000]                  call    [exit]       ; call exit to terminate the program
