     1                                  bits 32 ; assembling for the 32 bits architecture
     2                                  
     3                                  ; declare the EntryPoint (a label defining the very first instruction of the program)
     4                                  global start        
     5                                  
     6                                  ; declare external functions needed by our program
     7                                  extern exit, printf, scanf               ; tell nasm that exit exists even if we won't be defining it
     8                                  import exit msvcrt.dll
     9                                  import printf msvcrt.dll
    10                                  import scanf msvcrt.dll   
    11                                                            ; msvcrt.dll contains exit, printf and all the other important C-runtime specific functions
    12                                  
    13                                  ; our data is declared here (the variables needed by our program)
    14                                  segment data use32 class=data
    15                                      ;format db " %d",0
    16 00000000 3C2B1A009F4D000027-         a dd 1a2b3ch, 4d9fh, 6e5d27h
    16 00000009 5D6E00             
    17                                  ; our code starts here
    18                                  segment code use32 class=code
    19                                      start:
    20 00000000 668B1D[05000000]                mov BX, [a+5]
    21 00000007 6A00                                push    dword 0      ; push the parameter for exit onto the stack
    22 00000009 FF15[00000000]                      call    [exit]       ; call exit to terminate the program
