     1                                  bits 32
     2                                  
     3                                  
     4                                  global start        
     5                                  
     6                                  
     7                                  extern exit, fopen, fprintf, scanf, fclose, printf
     8                                  import exit msvcrt.dll
     9                                  import fopen msvcrt.dll
    10                                  import fprintf msvcrt.dll
    11                                  import scanf msvcrt.dll
    12                                  import fclose msvcrt.dll
    13                                  import printf msvcrt.dll
    14                                  
    15                                  segment data use32 class=data
    16 00000000 74656D613965342E74-         nume db "tema9e4.txt", 0 ; numele fisierului
    16 00000009 787400             
    17 0000000C 7700                        mode db "w", 0 ; fisierul va fi deschis in modul scriere
    18                                      
    19 0000000E 00000000                    desc dd 0 ; variabila in care se va afla descriptorul de fisier
    20                                      
    21                                      len equ 100 ; lungimea maxima a unui cuvant citit de la tastatura
    22 00000012 00<rept>                    cuv times len db 0 ; variabila in care se afla cuvantul citit de la tastatura
    23 00000076 00                          db 0
    24                                      
    25 00000077 496E74726F64756365-         print db "Introduceti un sir de maximum 100 de caractere: ", 0
    25 00000080 746920756E20736972-
    25 00000089 206465206D6178696D-
    25 00000092 756D20313030206465-
    25 0000009B 206361726163746572-
    25 000000A4 653A2000           
    26 000000A8 253130307300                format_scan db "%100s", 0
    27                                  
    28                                  ; Se da un nume de fisier (definit in segmentul de date). Sa se creeze un fisier cu numele dat, apoi sa se citeasca de la tastatura cuvinte pana cand se citeste de la tastatura caracterul '$'. Sa se scrie in fisier 
    29                                  segment code use32 class=code
    30                                      start:
    31 00000000 68[0C000000]                    push mode
    32 00000005 68[00000000]                    push nume
    33 0000000A FF15[00000000]                  call [fopen] ; se deschide fisierul in modul scriere
    34 00000010 83C408                          add esp, 4*2
    35                                          
    36 00000013 A3[0E000000]                    mov [desc], eax ; dupa deschidere se depune descriptorul in desc
    37                                          
    38 00000018 83F800                          cmp eax, 0 ; daca s-a efectuat o eroare la citire, se incheie executia programului
    39 0000001B 0F848A000000                    je stop
    40                                          
    41                                          repeta:
    42                                          
    43 00000021 68[77000000]                        push print
    44 00000026 FF15[00000000]                      call [printf] ; se afiseaza promptul
    45 0000002C 83C404                              add esp, 4*1
    46                                              
    47 0000002F 68[12000000]                        push cuv
    48 00000034 68[A8000000]                        push format_scan
    49 00000039 FF15[00000000]                      call [scanf] ; se citesc in cuv de la tastatura 100 de caractere
    50 0000003F 83C408                              add esp, 4*2
    51                                              
    52 00000042 BE[12000000]                        mov esi, cuv ; esi = adresa primului caracter din cuv 
    53 00000047 FC                                  cld
    54                                              
    55 00000048 B200                                mov dl, 0 ; ok = 0, devine 1 cand intalnim o cifra
    56                                              
    57                                              char:
    58 0000004A AC                                      lodsb ; al = cod ascii caracter din cuv
    59                                                  
    60 0000004B 3C00                                    cmp al, 0 ; daca s-a ajuns la capatul cuvantului, se trece la partea de afisare in fisier
    61 0000004D 7432                                    je fisier
    62                                                  
    63 0000004F 3C24                                    cmp al, '$' ; daca s-a citit caracterul '$' se inchide fisierul si se incheie executia programului
    64 00000051 7449                                    je close
    65                                                  
    66 00000053 3C30                                    cmp al, '0' ; se verifca daca caracterul curent este o cifra
    67 00000055 7426                                    je cifra
    68                                                  
    69 00000057 3C31                                    cmp al, '1'
    70 00000059 7422                                    je cifra
    71                                                  
    72 0000005B 3C32                                    cmp al, '2'
    73 0000005D 741E                                    je cifra
    74                                                  
    75 0000005F 3C33                                    cmp al, '3'
    76 00000061 741A                                    je cifra
    77                                                  
    78 00000063 3C34                                    cmp al, '4'
    79 00000065 7416                                    je cifra
    80                                                  
    81 00000067 3C35                                    cmp al, '5'
    82 00000069 7412                                    je cifra
    83                                                  
    84 0000006B 3C36                                    cmp al, '6'
    85 0000006D 740E                                    je cifra
    86                                                  
    87 0000006F 3C37                                    cmp al, '7'
    88 00000071 740A                                    je cifra
    89                                                  
    90 00000073 3C38                                    cmp al, '8'
    91 00000075 7406                                    je cifra
    92                                                  
    93 00000077 3C39                                    cmp al, '9'
    94 00000079 7402                                    je cifra
    95                                                  
    96 0000007B EB02                                    jmp nextchar
    97                                                  
    98                                                  cifra:
    99 0000007D B201                                        mov dl, 1 ; ok = 1 daca am gasit o cifra
   100                                                      
   101                                                  nextchar:
   102 0000007F EBC9                                        jmp char
   103                                                  
   104                                              fisier:
   105 00000081 80FA01                              cmp dl, 1 ; daca ok = 1. se afiseaza cuvantul in fisier
   106 00000084 7514                                jne final
   107                                              
   108 00000086 68[12000000]                        push dword cuv
   109 0000008B FF35[0E000000]                      push dword [desc]
   110 00000091 FF15[00000000]                      call [fprintf]
   111 00000097 83C408                              add esp, 4*2
   112                                              
   113                                              final:
   114 0000009A EB85                                    jmp repeta
   115                                      close:
   116 0000009C FF35[0E000000]                  push dword [desc]
   117 000000A2 FF15[00000000]                  call [fclose] ; se inchide fisierul
   118 000000A8 83C404                          add esp, 4*1
   119                                          
   120                                      stop:    
   121 000000AB 6A00                            push    dword 0      ; push the parameter for exit onto the stack
   122 000000AD FF15[00000000]                  call    [exit]       ; call exit to terminate the program
